D:\USERS\SHANE\DOCUMENTS\VISUAL STUDIO 2012\PROJECTS\WOWPETBATTLER\WOWPETBATTLER\DEBUG\WOWPETBATTLER.OBJ
D:\USERS\SHANE\DOCUMENTS\VISUAL STUDIO 2012\PROJECTS\WOWPETBATTLER\WOWPETBATTLER\DEBUG\MAIN.OBJ
D:\USERS\SHANE\DOCUMENTS\VISUAL STUDIO 2012\PROJECTS\WOWPETBATTLER\WOWPETBATTLER\DEBUG\MOC_WOWPETBATTLER.OBJ
D:\USERS\SHANE\DOCUMENTS\VISUAL STUDIO 2012\PROJECTS\WOWPETBATTLER\WOWPETBATTLER\DEBUG\VC110.PDB
D:\USERS\SHANE\DOCUMENTS\VISUAL STUDIO 2012\PROJECTS\WOWPETBATTLER\WOWPETBATTLER\DEBUG\QRC_WOWPETBATTLER.OBJ
D:\USERS\SHANE\DOCUMENTS\VISUAL STUDIO 2012\PROJECTS\WOWPETBATTLER\WOWPETBATTLER\GENERATEDFILES\DEBUG\MOC_WOWPETBATTLER.CPP
D:\USERS\SHANE\DOCUMENTS\VISUAL STUDIO 2012\PROJECTS\WOWPETBATTLER\WOWPETBATTLER\GENERATEDFILES\UI_WOWPETBATTLER.H
D:\USERS\SHANE\DOCUMENTS\VISUAL STUDIO 2012\PROJECTS\WOWPETBATTLER\WOWPETBATTLER\GENERATEDFILES\QRC_WOWPETBATTLER.CPP
D:\USERS\SHANE\DOCUMENTS\VISUAL STUDIO 2012\PROJECTS\WOWPETBATTLER\WIN32\DEBUG\WOWPETBATTLER.ILK
D:\USERS\SHANE\DOCUMENTS\VISUAL STUDIO 2012\PROJECTS\WOWPETBATTLER\WIN32\DEBUG\WOWPETBATTLER.EXE
D:\USERS\SHANE\DOCUMENTS\VISUAL STUDIO 2012\PROJECTS\WOWPETBATTLER\WIN32\DEBUG\WOWPETBATTLER.PDB
D:\Users\Shane\Documents\Visual Studio 2012\Projects\WoWPetBattler\WoWPetBattler\Debug\main.obj
D:\Users\Shane\Documents\Visual Studio 2012\Projects\WoWPetBattler\WoWPetBattler\Debug\moc_wowpetbattler.obj
D:\Users\Shane\Documents\Visual Studio 2012\Projects\WoWPetBattler\WoWPetBattler\Debug\qrc_wowpetbattler.obj
D:\Users\Shane\Documents\Visual Studio 2012\Projects\WoWPetBattler\WoWPetBattler\Debug\wowpetbattler.obj
D:\Users\Shane\Documents\Visual Studio 2012\Projects\WoWPetBattler\WoWPetBattler\Debug\cl.command.1.tlog
D:\Users\Shane\Documents\Visual Studio 2012\Projects\WoWPetBattler\WoWPetBattler\Debug\CL.read.1.tlog
D:\Users\Shane\Documents\Visual Studio 2012\Projects\WoWPetBattler\WoWPetBattler\Debug\CL.write.1.tlog
D:\Users\Shane\Documents\Visual Studio 2012\Projects\WoWPetBattler\WoWPetBattler\Debug\custombuild.command.1.tlog
D:\Users\Shane\Documents\Visual Studio 2012\Projects\WoWPetBattler\WoWPetBattler\Debug\custombuild.read.1.tlog
D:\Users\Shane\Documents\Visual Studio 2012\Projects\WoWPetBattler\WoWPetBattler\Debug\custombuild.write.1.tlog
D:\Users\Shane\Documents\Visual Studio 2012\Projects\WoWPetBattler\WoWPetBattler\Debug\link-cvtres.read.1.tlog
D:\Users\Shane\Documents\Visual Studio 2012\Projects\WoWPetBattler\WoWPetBattler\Debug\link-cvtres.write.1.tlog
D:\Users\Shane\Documents\Visual Studio 2012\Projects\WoWPetBattler\WoWPetBattler\Debug\link-rc.read.1.tlog
D:\Users\Shane\Documents\Visual Studio 2012\Projects\WoWPetBattler\WoWPetBattler\Debug\link-rc.write.1.tlog
D:\Users\Shane\Documents\Visual Studio 2012\Projects\WoWPetBattler\WoWPetBattler\Debug\link.command.1.tlog
D:\Users\Shane\Documents\Visual Studio 2012\Projects\WoWPetBattler\WoWPetBattler\Debug\link.read.1.tlog
D:\Users\Shane\Documents\Visual Studio 2012\Projects\WoWPetBattler\WoWPetBattler\Debug\link.write.1.tlog
D:\Users\Shane\Documents\Visual Studio 2012\Projects\WoWPetBattler\WoWPetBattler\Debug\vc110.pdb
D:\Users\Shane\Documents\Visual Studio 2012\Projects\WoWPetBattler\Win32\Debug\WoWPetBattler.pdb
D:\Users\Shane\Documents\Visual Studio 2012\Projects\WoWPetBattler\Win32\Debug\WoWPetBattler.exe
D:\Users\Shane\Documents\Visual Studio 2012\Projects\WoWPetBattler\Win32\Debug\WoWPetBattler.ilk
